0.03541991882912093 500
0.1211936609297638
0.0071160563792740765 1000
8.59141179408936
0.0015487174929882843 1500
5.990840802413313
0.00036955684467979415 2000
2.399422680238734
0.00012844528250427955 2500
0.9520542613246157
7.264272633506153e-05 3000
1.4524928776374963
4.510220283946304e-05 3500
1.421214273370488
3.236320176259458e-05 4000
1.2631777950998053
2.5190942349588852e-05 4500
1.091472744453597
2.0205030392566367e-05 5000
0.9371345812205902
=========== Finished! ============
26225
Would you like to record this run? [y/N]: 